<?xml version="1.0" encoding="UTF-8"?>
<testng-results ignored="0" total="3" passed="3" failed="0" skipped="0">
  <reporter-output>
  </reporter-output>
  <suite started-at="2021-02-14T17:57:22Z" name="Suite" finished-at="2021-02-14T17:57:23Z" duration-ms="53">
    <groups>
    </groups>
    <test started-at="2021-02-14T17:57:22Z" name="Test" finished-at="2021-02-14T17:57:23Z" duration-ms="53">
      <class name="test.Day1">
        <test-method signature="demo()[pri:0, instance:test.Day1@2ed0fbae]" started-at="2021-02-14T17:57:22Z" name="demo" finished-at="2021-02-14T17:57:22Z" duration-ms="8" status="PASS">
          <reporter-output>
          </reporter-output>
        </test-method> <!-- demo -->
        <test-method signature="seconddemo()[pri:0, instance:test.Day1@2ed0fbae]" started-at="2021-02-14T17:57:22Z" name="seconddemo" finished-at="2021-02-14T17:57:22Z" duration-ms="2" status="PASS">
          <reporter-output>
          </reporter-output>
        </test-method> <!-- seconddemo -->
      </class> <!-- test.Day1 -->
      <class name="test.Day2">
        <test-method signature="loan()[pri:0, instance:test.Day2@212bf671]" started-at="2021-02-14T17:57:22Z" name="loan" finished-at="2021-02-14T17:57:23Z" duration-ms="7" status="PASS">
          <reporter-output>
          </reporter-output>
        </test-method> <!-- loan -->
      </class> <!-- test.Day2 -->
    </test> <!-- Test -->
  </suite> <!-- Suite -->
</testng-results>
